Performing C SOURCE FILE Test CMAKE_HAVE_LIBC_PTHREAD failed with the following output:
Change Dir: /home/josiah/projects/code/impresario-systems/cosmographer/cmake-build-debug-local/CMakeFiles/CMakeTmp

Run Build Command(s):/usr/bin/make -f Makefile cmTC_c57f7/fast && /usr/bin/make  -f CMakeFiles/cmTC_c57f7.dir/build.make CMakeFiles/cmTC_c57f7.dir/build
make[1]: Entering directory '/home/josiah/projects/code/impresario-systems/cosmographer/cmake-build-debug-local/CMakeFiles/CMakeTmp'
Building C object CMakeFiles/cmTC_c57f7.dir/src.c.o
/usr/bin/cc -DCMAKE_HAVE_LIBC_PTHREAD   -o CMakeFiles/cmTC_c57f7.dir/src.c.o -c /home/josiah/projects/code/impresario-systems/cosmographer/cmake-build-debug-local/CMakeFiles/CMakeTmp/src.c
Linking C executable cmTC_c57f7
/home/josiah/.local/share/JetBrains/Toolbox/apps/CLion/ch-0/213.6777.58/bin/cmake/linux/bin/cmake -E cmake_link_script CMakeFiles/cmTC_c57f7.dir/link.txt --verbose=1
/usr/bin/cc -rdynamic CMakeFiles/cmTC_c57f7.dir/src.c.o -o cmTC_c57f7 
/usr/bin/ld: CMakeFiles/cmTC_c57f7.dir/src.c.o: in function `main':
src.c:(.text+0x46): undefined reference to `pthread_create'
/usr/bin/ld: src.c:(.text+0x52): undefined reference to `pthread_detach'
/usr/bin/ld: src.c:(.text+0x5e): undefined reference to `pthread_cancel'
/usr/bin/ld: src.c:(.text+0x6f): undefined reference to `pthread_join'
collect2: error: ld returned 1 exit status
make[1]: *** [CMakeFiles/cmTC_c57f7.dir/build.make:99: cmTC_c57f7] Error 1
make[1]: Leaving directory '/home/josiah/projects/code/impresario-systems/cosmographer/cmake-build-debug-local/CMakeFiles/CMakeTmp'
make: *** [Makefile:127: cmTC_c57f7/fast] Error 2


Source file was:
#include <pthread.h>

static void* test_func(void* data)
{
  return data;
}

int main(void)
{
  pthread_t thread;
  pthread_create(&thread, NULL, test_func, NULL);
  pthread_detach(thread);
  pthread_cancel(thread);
  pthread_join(thread, NULL);
  pthread_atfork(NULL, NULL, NULL);
  pthread_exit(NULL);

  return 0;
}

Determining if the function pthread_create exists in the pthreads failed with the following output:
Change Dir: /home/josiah/projects/code/impresario-systems/cosmographer/cmake-build-debug-local/CMakeFiles/CMakeTmp

Run Build Command(s):/usr/bin/make -f Makefile cmTC_7210e/fast && /usr/bin/make  -f CMakeFiles/cmTC_7210e.dir/build.make CMakeFiles/cmTC_7210e.dir/build
make[1]: Entering directory '/home/josiah/projects/code/impresario-systems/cosmographer/cmake-build-debug-local/CMakeFiles/CMakeTmp'
Building C object CMakeFiles/cmTC_7210e.dir/CheckFunctionExists.c.o
/usr/bin/cc   -DCHECK_FUNCTION_EXISTS=pthread_create -o CMakeFiles/cmTC_7210e.dir/CheckFunctionExists.c.o -c /home/josiah/.local/share/JetBrains/Toolbox/apps/CLion/ch-0/213.6777.58/bin/cmake/linux/share/cmake-3.21/Modules/CheckFunctionExists.c
Linking C executable cmTC_7210e
/home/josiah/.local/share/JetBrains/Toolbox/apps/CLion/ch-0/213.6777.58/bin/cmake/linux/bin/cmake -E cmake_link_script CMakeFiles/cmTC_7210e.dir/link.txt --verbose=1
/usr/bin/cc  -DCHECK_FUNCTION_EXISTS=pthread_create -rdynamic CMakeFiles/cmTC_7210e.dir/CheckFunctionExists.c.o -o cmTC_7210e  -lpthreads 
/usr/bin/ld: cannot find -lpthreads
collect2: error: ld returned 1 exit status
make[1]: *** [CMakeFiles/cmTC_7210e.dir/build.make:99: cmTC_7210e] Error 1
make[1]: Leaving directory '/home/josiah/projects/code/impresario-systems/cosmographer/cmake-build-debug-local/CMakeFiles/CMakeTmp'
make: *** [Makefile:127: cmTC_7210e/fast] Error 2



Performing C SOURCE FILE Test CMAKE_HAVE_LIBC_PTHREAD failed with the following output:
Change Dir: /home/josiah/projects/code/impresario-systems/cosmographer/cmake-build-debug-local/CMakeFiles/CMakeTmp

Run Build Command(s):/usr/bin/make -f Makefile cmTC_dd3c8/fast && /usr/bin/make  -f CMakeFiles/cmTC_dd3c8.dir/build.make CMakeFiles/cmTC_dd3c8.dir/build
make[1]: Entering directory '/home/josiah/projects/code/impresario-systems/cosmographer/cmake-build-debug-local/CMakeFiles/CMakeTmp'
Building C object CMakeFiles/cmTC_dd3c8.dir/src.c.o
/usr/bin/cc -DCMAKE_HAVE_LIBC_PTHREAD   -o CMakeFiles/cmTC_dd3c8.dir/src.c.o -c /home/josiah/projects/code/impresario-systems/cosmographer/cmake-build-debug-local/CMakeFiles/CMakeTmp/src.c
Linking C executable cmTC_dd3c8
/home/josiah/.local/share/JetBrains/Toolbox/apps/CLion/ch-0/213.6777.58/bin/cmake/linux/bin/cmake -E cmake_link_script CMakeFiles/cmTC_dd3c8.dir/link.txt --verbose=1
/usr/bin/cc -rdynamic CMakeFiles/cmTC_dd3c8.dir/src.c.o -o cmTC_dd3c8 
/usr/bin/ld: CMakeFiles/cmTC_dd3c8.dir/src.c.o: in function `main':
src.c:(.text+0x46): undefined reference to `pthread_create'
/usr/bin/ld: src.c:(.text+0x52): undefined reference to `pthread_detach'
/usr/bin/ld: src.c:(.text+0x5e): undefined reference to `pthread_cancel'
/usr/bin/ld: src.c:(.text+0x6f): undefined reference to `pthread_join'
collect2: error: ld returned 1 exit status
make[1]: *** [CMakeFiles/cmTC_dd3c8.dir/build.make:99: cmTC_dd3c8] Error 1
make[1]: Leaving directory '/home/josiah/projects/code/impresario-systems/cosmographer/cmake-build-debug-local/CMakeFiles/CMakeTmp'
make: *** [Makefile:127: cmTC_dd3c8/fast] Error 2


Source file was:
#include <pthread.h>

static void* test_func(void* data)
{
  return data;
}

int main(void)
{
  pthread_t thread;
  pthread_create(&thread, NULL, test_func, NULL);
  pthread_detach(thread);
  pthread_cancel(thread);
  pthread_join(thread, NULL);
  pthread_atfork(NULL, NULL, NULL);
  pthread_exit(NULL);

  return 0;
}

Determining if the function pthread_create exists in the pthreads failed with the following output:
Change Dir: /home/josiah/projects/code/impresario-systems/cosmographer/cmake-build-debug-local/CMakeFiles/CMakeTmp

Run Build Command(s):/usr/bin/make -f Makefile cmTC_71c33/fast && /usr/bin/make  -f CMakeFiles/cmTC_71c33.dir/build.make CMakeFiles/cmTC_71c33.dir/build
make[1]: Entering directory '/home/josiah/projects/code/impresario-systems/cosmographer/cmake-build-debug-local/CMakeFiles/CMakeTmp'
Building C object CMakeFiles/cmTC_71c33.dir/CheckFunctionExists.c.o
/usr/bin/cc   -DCHECK_FUNCTION_EXISTS=pthread_create -o CMakeFiles/cmTC_71c33.dir/CheckFunctionExists.c.o -c /home/josiah/.local/share/JetBrains/Toolbox/apps/CLion/ch-0/213.6777.58/bin/cmake/linux/share/cmake-3.21/Modules/CheckFunctionExists.c
Linking C executable cmTC_71c33
/home/josiah/.local/share/JetBrains/Toolbox/apps/CLion/ch-0/213.6777.58/bin/cmake/linux/bin/cmake -E cmake_link_script CMakeFiles/cmTC_71c33.dir/link.txt --verbose=1
/usr/bin/cc  -DCHECK_FUNCTION_EXISTS=pthread_create -rdynamic CMakeFiles/cmTC_71c33.dir/CheckFunctionExists.c.o -o cmTC_71c33  -lpthreads 
/usr/bin/ld: cannot find -lpthreads
collect2: error: ld returned 1 exit status
make[1]: *** [CMakeFiles/cmTC_71c33.dir/build.make:99: cmTC_71c33] Error 1
make[1]: Leaving directory '/home/josiah/projects/code/impresario-systems/cosmographer/cmake-build-debug-local/CMakeFiles/CMakeTmp'
make: *** [Makefile:127: cmTC_71c33/fast] Error 2



Performing C SOURCE FILE Test CMAKE_HAVE_LIBC_PTHREAD failed with the following output:
Change Dir: /home/josiah/projects/code/impresario-systems/cosmographer/cmake-build-debug-local/CMakeFiles/CMakeTmp

Run Build Command(s):/usr/bin/make -f Makefile cmTC_862ad/fast && /usr/bin/make  -f CMakeFiles/cmTC_862ad.dir/build.make CMakeFiles/cmTC_862ad.dir/build
make[1]: Entering directory '/home/josiah/projects/code/impresario-systems/cosmographer/cmake-build-debug-local/CMakeFiles/CMakeTmp'
Building C object CMakeFiles/cmTC_862ad.dir/src.c.o
/usr/bin/cc -DCMAKE_HAVE_LIBC_PTHREAD   -o CMakeFiles/cmTC_862ad.dir/src.c.o -c /home/josiah/projects/code/impresario-systems/cosmographer/cmake-build-debug-local/CMakeFiles/CMakeTmp/src.c
Linking C executable cmTC_862ad
/home/josiah/.local/share/JetBrains/Toolbox/apps/CLion/ch-0/213.6777.58/bin/cmake/linux/bin/cmake -E cmake_link_script CMakeFiles/cmTC_862ad.dir/link.txt --verbose=1
/usr/bin/cc -rdynamic CMakeFiles/cmTC_862ad.dir/src.c.o -o cmTC_862ad 
/usr/bin/ld: CMakeFiles/cmTC_862ad.dir/src.c.o: in function `main':
src.c:(.text+0x46): undefined reference to `pthread_create'
/usr/bin/ld: src.c:(.text+0x52): undefined reference to `pthread_detach'
/usr/bin/ld: src.c:(.text+0x5e): undefined reference to `pthread_cancel'
/usr/bin/ld: src.c:(.text+0x6f): undefined reference to `pthread_join'
collect2: error: ld returned 1 exit status
make[1]: *** [CMakeFiles/cmTC_862ad.dir/build.make:99: cmTC_862ad] Error 1
make[1]: Leaving directory '/home/josiah/projects/code/impresario-systems/cosmographer/cmake-build-debug-local/CMakeFiles/CMakeTmp'
make: *** [Makefile:127: cmTC_862ad/fast] Error 2


Source file was:
#include <pthread.h>

static void* test_func(void* data)
{
  return data;
}

int main(void)
{
  pthread_t thread;
  pthread_create(&thread, NULL, test_func, NULL);
  pthread_detach(thread);
  pthread_cancel(thread);
  pthread_join(thread, NULL);
  pthread_atfork(NULL, NULL, NULL);
  pthread_exit(NULL);

  return 0;
}

Determining if the function pthread_create exists in the pthreads failed with the following output:
Change Dir: /home/josiah/projects/code/impresario-systems/cosmographer/cmake-build-debug-local/CMakeFiles/CMakeTmp

Run Build Command(s):/usr/bin/make -f Makefile cmTC_c3e26/fast && /usr/bin/make  -f CMakeFiles/cmTC_c3e26.dir/build.make CMakeFiles/cmTC_c3e26.dir/build
make[1]: Entering directory '/home/josiah/projects/code/impresario-systems/cosmographer/cmake-build-debug-local/CMakeFiles/CMakeTmp'
Building C object CMakeFiles/cmTC_c3e26.dir/CheckFunctionExists.c.o
/usr/bin/cc   -DCHECK_FUNCTION_EXISTS=pthread_create -o CMakeFiles/cmTC_c3e26.dir/CheckFunctionExists.c.o -c /home/josiah/.local/share/JetBrains/Toolbox/apps/CLion/ch-0/213.6777.58/bin/cmake/linux/share/cmake-3.21/Modules/CheckFunctionExists.c
Linking C executable cmTC_c3e26
/home/josiah/.local/share/JetBrains/Toolbox/apps/CLion/ch-0/213.6777.58/bin/cmake/linux/bin/cmake -E cmake_link_script CMakeFiles/cmTC_c3e26.dir/link.txt --verbose=1
/usr/bin/cc  -DCHECK_FUNCTION_EXISTS=pthread_create -rdynamic CMakeFiles/cmTC_c3e26.dir/CheckFunctionExists.c.o -o cmTC_c3e26  -lpthreads 
/usr/bin/ld: cannot find -lpthreads
collect2: error: ld returned 1 exit status
make[1]: *** [CMakeFiles/cmTC_c3e26.dir/build.make:99: cmTC_c3e26] Error 1
make[1]: Leaving directory '/home/josiah/projects/code/impresario-systems/cosmographer/cmake-build-debug-local/CMakeFiles/CMakeTmp'
make: *** [Makefile:127: cmTC_c3e26/fast] Error 2



Performing C SOURCE FILE Test CMAKE_HAVE_LIBC_PTHREAD failed with the following output:
Change Dir: /home/josiah/projects/code/impresario-systems/cosmographer/cmake-build-debug-local/CMakeFiles/CMakeTmp

Run Build Command(s):/usr/bin/make -f Makefile cmTC_8692e/fast && /usr/bin/make  -f CMakeFiles/cmTC_8692e.dir/build.make CMakeFiles/cmTC_8692e.dir/build
make[1]: Entering directory '/home/josiah/projects/code/impresario-systems/cosmographer/cmake-build-debug-local/CMakeFiles/CMakeTmp'
Building C object CMakeFiles/cmTC_8692e.dir/src.c.o
/usr/bin/cc -DCMAKE_HAVE_LIBC_PTHREAD   -o CMakeFiles/cmTC_8692e.dir/src.c.o -c /home/josiah/projects/code/impresario-systems/cosmographer/cmake-build-debug-local/CMakeFiles/CMakeTmp/src.c
Linking C executable cmTC_8692e
/home/josiah/.local/share/JetBrains/Toolbox/apps/CLion/ch-0/213.6777.58/bin/cmake/linux/bin/cmake -E cmake_link_script CMakeFiles/cmTC_8692e.dir/link.txt --verbose=1
/usr/bin/cc -rdynamic CMakeFiles/cmTC_8692e.dir/src.c.o -o cmTC_8692e 
/usr/bin/ld: CMakeFiles/cmTC_8692e.dir/src.c.o: in function `main':
src.c:(.text+0x46): undefined reference to `pthread_create'
/usr/bin/ld: src.c:(.text+0x52): undefined reference to `pthread_detach'
/usr/bin/ld: src.c:(.text+0x5e): undefined reference to `pthread_cancel'
/usr/bin/ld: src.c:(.text+0x6f): undefined reference to `pthread_join'
collect2: error: ld returned 1 exit status
make[1]: *** [CMakeFiles/cmTC_8692e.dir/build.make:99: cmTC_8692e] Error 1
make[1]: Leaving directory '/home/josiah/projects/code/impresario-systems/cosmographer/cmake-build-debug-local/CMakeFiles/CMakeTmp'
make: *** [Makefile:127: cmTC_8692e/fast] Error 2


Source file was:
#include <pthread.h>

static void* test_func(void* data)
{
  return data;
}

int main(void)
{
  pthread_t thread;
  pthread_create(&thread, NULL, test_func, NULL);
  pthread_detach(thread);
  pthread_cancel(thread);
  pthread_join(thread, NULL);
  pthread_atfork(NULL, NULL, NULL);
  pthread_exit(NULL);

  return 0;
}

Determining if the function pthread_create exists in the pthreads failed with the following output:
Change Dir: /home/josiah/projects/code/impresario-systems/cosmographer/cmake-build-debug-local/CMakeFiles/CMakeTmp

Run Build Command(s):/usr/bin/make -f Makefile cmTC_247cf/fast && /usr/bin/make  -f CMakeFiles/cmTC_247cf.dir/build.make CMakeFiles/cmTC_247cf.dir/build
make[1]: Entering directory '/home/josiah/projects/code/impresario-systems/cosmographer/cmake-build-debug-local/CMakeFiles/CMakeTmp'
Building C object CMakeFiles/cmTC_247cf.dir/CheckFunctionExists.c.o
/usr/bin/cc   -DCHECK_FUNCTION_EXISTS=pthread_create -o CMakeFiles/cmTC_247cf.dir/CheckFunctionExists.c.o -c /home/josiah/.local/share/JetBrains/Toolbox/apps/CLion/ch-0/213.6777.58/bin/cmake/linux/share/cmake-3.21/Modules/CheckFunctionExists.c
Linking C executable cmTC_247cf
/home/josiah/.local/share/JetBrains/Toolbox/apps/CLion/ch-0/213.6777.58/bin/cmake/linux/bin/cmake -E cmake_link_script CMakeFiles/cmTC_247cf.dir/link.txt --verbose=1
/usr/bin/cc  -DCHECK_FUNCTION_EXISTS=pthread_create -rdynamic CMakeFiles/cmTC_247cf.dir/CheckFunctionExists.c.o -o cmTC_247cf  -lpthreads 
/usr/bin/ld: cannot find -lpthreads
collect2: error: ld returned 1 exit status
make[1]: *** [CMakeFiles/cmTC_247cf.dir/build.make:99: cmTC_247cf] Error 1
make[1]: Leaving directory '/home/josiah/projects/code/impresario-systems/cosmographer/cmake-build-debug-local/CMakeFiles/CMakeTmp'
make: *** [Makefile:127: cmTC_247cf/fast] Error 2



Performing C SOURCE FILE Test CMAKE_HAVE_LIBC_PTHREAD failed with the following output:
Change Dir: /home/josiah/projects/code/impresario-systems/cosmographer/cmake-build-debug-local/CMakeFiles/CMakeTmp

Run Build Command(s):/usr/bin/make -f Makefile cmTC_44215/fast && /usr/bin/make  -f CMakeFiles/cmTC_44215.dir/build.make CMakeFiles/cmTC_44215.dir/build
make[1]: Entering directory '/home/josiah/projects/code/impresario-systems/cosmographer/cmake-build-debug-local/CMakeFiles/CMakeTmp'
Building C object CMakeFiles/cmTC_44215.dir/src.c.o
/usr/bin/cc -DCMAKE_HAVE_LIBC_PTHREAD   -o CMakeFiles/cmTC_44215.dir/src.c.o -c /home/josiah/projects/code/impresario-systems/cosmographer/cmake-build-debug-local/CMakeFiles/CMakeTmp/src.c
Linking C executable cmTC_44215
/home/josiah/.local/share/JetBrains/Toolbox/apps/CLion/ch-0/213.6777.58/bin/cmake/linux/bin/cmake -E cmake_link_script CMakeFiles/cmTC_44215.dir/link.txt --verbose=1
/usr/bin/cc -rdynamic CMakeFiles/cmTC_44215.dir/src.c.o -o cmTC_44215 
/usr/bin/ld: CMakeFiles/cmTC_44215.dir/src.c.o: in function `main':
src.c:(.text+0x46): undefined reference to `pthread_create'
/usr/bin/ld: src.c:(.text+0x52): undefined reference to `pthread_detach'
/usr/bin/ld: src.c:(.text+0x5e): undefined reference to `pthread_cancel'
/usr/bin/ld: src.c:(.text+0x6f): undefined reference to `pthread_join'
collect2: error: ld returned 1 exit status
make[1]: *** [CMakeFiles/cmTC_44215.dir/build.make:99: cmTC_44215] Error 1
make[1]: Leaving directory '/home/josiah/projects/code/impresario-systems/cosmographer/cmake-build-debug-local/CMakeFiles/CMakeTmp'
make: *** [Makefile:127: cmTC_44215/fast] Error 2


Source file was:
#include <pthread.h>

static void* test_func(void* data)
{
  return data;
}

int main(void)
{
  pthread_t thread;
  pthread_create(&thread, NULL, test_func, NULL);
  pthread_detach(thread);
  pthread_cancel(thread);
  pthread_join(thread, NULL);
  pthread_atfork(NULL, NULL, NULL);
  pthread_exit(NULL);

  return 0;
}

Determining if the function pthread_create exists in the pthreads failed with the following output:
Change Dir: /home/josiah/projects/code/impresario-systems/cosmographer/cmake-build-debug-local/CMakeFiles/CMakeTmp

Run Build Command(s):/usr/bin/make -f Makefile cmTC_6615a/fast && /usr/bin/make  -f CMakeFiles/cmTC_6615a.dir/build.make CMakeFiles/cmTC_6615a.dir/build
make[1]: Entering directory '/home/josiah/projects/code/impresario-systems/cosmographer/cmake-build-debug-local/CMakeFiles/CMakeTmp'
Building C object CMakeFiles/cmTC_6615a.dir/CheckFunctionExists.c.o
/usr/bin/cc   -DCHECK_FUNCTION_EXISTS=pthread_create -o CMakeFiles/cmTC_6615a.dir/CheckFunctionExists.c.o -c /home/josiah/.local/share/JetBrains/Toolbox/apps/CLion/ch-0/213.6777.58/bin/cmake/linux/share/cmake-3.21/Modules/CheckFunctionExists.c
Linking C executable cmTC_6615a
/home/josiah/.local/share/JetBrains/Toolbox/apps/CLion/ch-0/213.6777.58/bin/cmake/linux/bin/cmake -E cmake_link_script CMakeFiles/cmTC_6615a.dir/link.txt --verbose=1
/usr/bin/cc  -DCHECK_FUNCTION_EXISTS=pthread_create -rdynamic CMakeFiles/cmTC_6615a.dir/CheckFunctionExists.c.o -o cmTC_6615a  -lpthreads 
/usr/bin/ld: cannot find -lpthreads
collect2: error: ld returned 1 exit status
make[1]: *** [CMakeFiles/cmTC_6615a.dir/build.make:99: cmTC_6615a] Error 1
make[1]: Leaving directory '/home/josiah/projects/code/impresario-systems/cosmographer/cmake-build-debug-local/CMakeFiles/CMakeTmp'
make: *** [Makefile:127: cmTC_6615a/fast] Error 2



Performing C SOURCE FILE Test CMAKE_HAVE_LIBC_PTHREAD failed with the following output:
Change Dir: /home/josiah/projects/code/impresario-systems/cosmographer/cmake-build-debug-local/CMakeFiles/CMakeTmp

Run Build Command(s):/usr/bin/make -f Makefile cmTC_1718f/fast && /usr/bin/make  -f CMakeFiles/cmTC_1718f.dir/build.make CMakeFiles/cmTC_1718f.dir/build
make[1]: Entering directory '/home/josiah/projects/code/impresario-systems/cosmographer/cmake-build-debug-local/CMakeFiles/CMakeTmp'
Building C object CMakeFiles/cmTC_1718f.dir/src.c.o
/usr/bin/cc -DCMAKE_HAVE_LIBC_PTHREAD   -o CMakeFiles/cmTC_1718f.dir/src.c.o -c /home/josiah/projects/code/impresario-systems/cosmographer/cmake-build-debug-local/CMakeFiles/CMakeTmp/src.c
Linking C executable cmTC_1718f
/home/josiah/.local/share/JetBrains/Toolbox/apps/CLion/ch-0/213.6777.58/bin/cmake/linux/bin/cmake -E cmake_link_script CMakeFiles/cmTC_1718f.dir/link.txt --verbose=1
/usr/bin/cc -rdynamic CMakeFiles/cmTC_1718f.dir/src.c.o -o cmTC_1718f 
/usr/bin/ld: CMakeFiles/cmTC_1718f.dir/src.c.o: in function `main':
src.c:(.text+0x46): undefined reference to `pthread_create'
/usr/bin/ld: src.c:(.text+0x52): undefined reference to `pthread_detach'
/usr/bin/ld: src.c:(.text+0x5e): undefined reference to `pthread_cancel'
/usr/bin/ld: src.c:(.text+0x6f): undefined reference to `pthread_join'
collect2: error: ld returned 1 exit status
make[1]: *** [CMakeFiles/cmTC_1718f.dir/build.make:99: cmTC_1718f] Error 1
make[1]: Leaving directory '/home/josiah/projects/code/impresario-systems/cosmographer/cmake-build-debug-local/CMakeFiles/CMakeTmp'
make: *** [Makefile:127: cmTC_1718f/fast] Error 2


Source file was:
#include <pthread.h>

static void* test_func(void* data)
{
  return data;
}

int main(void)
{
  pthread_t thread;
  pthread_create(&thread, NULL, test_func, NULL);
  pthread_detach(thread);
  pthread_cancel(thread);
  pthread_join(thread, NULL);
  pthread_atfork(NULL, NULL, NULL);
  pthread_exit(NULL);

  return 0;
}

Determining if the function pthread_create exists in the pthreads failed with the following output:
Change Dir: /home/josiah/projects/code/impresario-systems/cosmographer/cmake-build-debug-local/CMakeFiles/CMakeTmp

Run Build Command(s):/usr/bin/make -f Makefile cmTC_8d4ce/fast && /usr/bin/make  -f CMakeFiles/cmTC_8d4ce.dir/build.make CMakeFiles/cmTC_8d4ce.dir/build
make[1]: Entering directory '/home/josiah/projects/code/impresario-systems/cosmographer/cmake-build-debug-local/CMakeFiles/CMakeTmp'
Building C object CMakeFiles/cmTC_8d4ce.dir/CheckFunctionExists.c.o
/usr/bin/cc   -DCHECK_FUNCTION_EXISTS=pthread_create -o CMakeFiles/cmTC_8d4ce.dir/CheckFunctionExists.c.o -c /home/josiah/.local/share/JetBrains/Toolbox/apps/CLion/ch-0/213.6777.58/bin/cmake/linux/share/cmake-3.21/Modules/CheckFunctionExists.c
Linking C executable cmTC_8d4ce
/home/josiah/.local/share/JetBrains/Toolbox/apps/CLion/ch-0/213.6777.58/bin/cmake/linux/bin/cmake -E cmake_link_script CMakeFiles/cmTC_8d4ce.dir/link.txt --verbose=1
/usr/bin/cc  -DCHECK_FUNCTION_EXISTS=pthread_create -rdynamic CMakeFiles/cmTC_8d4ce.dir/CheckFunctionExists.c.o -o cmTC_8d4ce  -lpthreads 
/usr/bin/ld: cannot find -lpthreads
collect2: error: ld returned 1 exit status
make[1]: *** [CMakeFiles/cmTC_8d4ce.dir/build.make:99: cmTC_8d4ce] Error 1
make[1]: Leaving directory '/home/josiah/projects/code/impresario-systems/cosmographer/cmake-build-debug-local/CMakeFiles/CMakeTmp'
make: *** [Makefile:127: cmTC_8d4ce/fast] Error 2



