Performing C SOURCE FILE Test CMAKE_HAVE_LIBC_PTHREAD failed with the following output:
Change Dir: /home/josiah/projects/code/impresario-systems/cosmographer/cmake-build-release-local/CMakeFiles/CMakeTmp

Run Build Command(s):/usr/bin/make -f Makefile cmTC_1df90/fast && /usr/bin/make  -f CMakeFiles/cmTC_1df90.dir/build.make CMakeFiles/cmTC_1df90.dir/build
make[1]: Entering directory '/home/josiah/projects/code/impresario-systems/cosmographer/cmake-build-release-local/CMakeFiles/CMakeTmp'
Building C object CMakeFiles/cmTC_1df90.dir/src.c.o
/usr/bin/cc -DCMAKE_HAVE_LIBC_PTHREAD   -o CMakeFiles/cmTC_1df90.dir/src.c.o -c /home/josiah/projects/code/impresario-systems/cosmographer/cmake-build-release-local/CMakeFiles/CMakeTmp/src.c
Linking C executable cmTC_1df90
/home/josiah/.local/share/JetBrains/Toolbox/apps/CLion/ch-0/213.6777.58/bin/cmake/linux/bin/cmake -E cmake_link_script CMakeFiles/cmTC_1df90.dir/link.txt --verbose=1
/usr/bin/cc -rdynamic CMakeFiles/cmTC_1df90.dir/src.c.o -o cmTC_1df90 
/usr/bin/ld: CMakeFiles/cmTC_1df90.dir/src.c.o: in function `main':
src.c:(.text+0x46): undefined reference to `pthread_create'
/usr/bin/ld: src.c:(.text+0x52): undefined reference to `pthread_detach'
/usr/bin/ld: src.c:(.text+0x5e): undefined reference to `pthread_cancel'
/usr/bin/ld: src.c:(.text+0x6f): undefined reference to `pthread_join'
collect2: error: ld returned 1 exit status
make[1]: *** [CMakeFiles/cmTC_1df90.dir/build.make:99: cmTC_1df90] Error 1
make[1]: Leaving directory '/home/josiah/projects/code/impresario-systems/cosmographer/cmake-build-release-local/CMakeFiles/CMakeTmp'
make: *** [Makefile:127: cmTC_1df90/fast] Error 2


Source file was:
#include <pthread.h>

static void* test_func(void* data)
{
  return data;
}

int main(void)
{
  pthread_t thread;
  pthread_create(&thread, NULL, test_func, NULL);
  pthread_detach(thread);
  pthread_cancel(thread);
  pthread_join(thread, NULL);
  pthread_atfork(NULL, NULL, NULL);
  pthread_exit(NULL);

  return 0;
}

Determining if the function pthread_create exists in the pthreads failed with the following output:
Change Dir: /home/josiah/projects/code/impresario-systems/cosmographer/cmake-build-release-local/CMakeFiles/CMakeTmp

Run Build Command(s):/usr/bin/make -f Makefile cmTC_09e37/fast && /usr/bin/make  -f CMakeFiles/cmTC_09e37.dir/build.make CMakeFiles/cmTC_09e37.dir/build
make[1]: Entering directory '/home/josiah/projects/code/impresario-systems/cosmographer/cmake-build-release-local/CMakeFiles/CMakeTmp'
Building C object CMakeFiles/cmTC_09e37.dir/CheckFunctionExists.c.o
/usr/bin/cc   -DCHECK_FUNCTION_EXISTS=pthread_create -o CMakeFiles/cmTC_09e37.dir/CheckFunctionExists.c.o -c /home/josiah/.local/share/JetBrains/Toolbox/apps/CLion/ch-0/213.6777.58/bin/cmake/linux/share/cmake-3.21/Modules/CheckFunctionExists.c
Linking C executable cmTC_09e37
/home/josiah/.local/share/JetBrains/Toolbox/apps/CLion/ch-0/213.6777.58/bin/cmake/linux/bin/cmake -E cmake_link_script CMakeFiles/cmTC_09e37.dir/link.txt --verbose=1
/usr/bin/cc  -DCHECK_FUNCTION_EXISTS=pthread_create -rdynamic CMakeFiles/cmTC_09e37.dir/CheckFunctionExists.c.o -o cmTC_09e37  -lpthreads 
/usr/bin/ld: cannot find -lpthreads
collect2: error: ld returned 1 exit status
make[1]: *** [CMakeFiles/cmTC_09e37.dir/build.make:99: cmTC_09e37] Error 1
make[1]: Leaving directory '/home/josiah/projects/code/impresario-systems/cosmographer/cmake-build-release-local/CMakeFiles/CMakeTmp'
make: *** [Makefile:127: cmTC_09e37/fast] Error 2



Performing C SOURCE FILE Test CMAKE_HAVE_LIBC_PTHREAD failed with the following output:
Change Dir: /home/josiah/projects/code/impresario-systems/cosmographer/cmake-build-release-local/CMakeFiles/CMakeTmp

Run Build Command(s):/usr/bin/make -f Makefile cmTC_990ff/fast && /usr/bin/make  -f CMakeFiles/cmTC_990ff.dir/build.make CMakeFiles/cmTC_990ff.dir/build
make[1]: Entering directory '/home/josiah/projects/code/impresario-systems/cosmographer/cmake-build-release-local/CMakeFiles/CMakeTmp'
Building C object CMakeFiles/cmTC_990ff.dir/src.c.o
/usr/bin/cc -DCMAKE_HAVE_LIBC_PTHREAD   -o CMakeFiles/cmTC_990ff.dir/src.c.o -c /home/josiah/projects/code/impresario-systems/cosmographer/cmake-build-release-local/CMakeFiles/CMakeTmp/src.c
Linking C executable cmTC_990ff
/home/josiah/.local/share/JetBrains/Toolbox/apps/CLion/ch-0/213.6777.58/bin/cmake/linux/bin/cmake -E cmake_link_script CMakeFiles/cmTC_990ff.dir/link.txt --verbose=1
/usr/bin/cc -rdynamic CMakeFiles/cmTC_990ff.dir/src.c.o -o cmTC_990ff 
/usr/bin/ld: CMakeFiles/cmTC_990ff.dir/src.c.o: in function `main':
src.c:(.text+0x46): undefined reference to `pthread_create'
/usr/bin/ld: src.c:(.text+0x52): undefined reference to `pthread_detach'
/usr/bin/ld: src.c:(.text+0x5e): undefined reference to `pthread_cancel'
/usr/bin/ld: src.c:(.text+0x6f): undefined reference to `pthread_join'
collect2: error: ld returned 1 exit status
make[1]: *** [CMakeFiles/cmTC_990ff.dir/build.make:99: cmTC_990ff] Error 1
make[1]: Leaving directory '/home/josiah/projects/code/impresario-systems/cosmographer/cmake-build-release-local/CMakeFiles/CMakeTmp'
make: *** [Makefile:127: cmTC_990ff/fast] Error 2


Source file was:
#include <pthread.h>

static void* test_func(void* data)
{
  return data;
}

int main(void)
{
  pthread_t thread;
  pthread_create(&thread, NULL, test_func, NULL);
  pthread_detach(thread);
  pthread_cancel(thread);
  pthread_join(thread, NULL);
  pthread_atfork(NULL, NULL, NULL);
  pthread_exit(NULL);

  return 0;
}

Determining if the function pthread_create exists in the pthreads failed with the following output:
Change Dir: /home/josiah/projects/code/impresario-systems/cosmographer/cmake-build-release-local/CMakeFiles/CMakeTmp

Run Build Command(s):/usr/bin/make -f Makefile cmTC_a0c7f/fast && /usr/bin/make  -f CMakeFiles/cmTC_a0c7f.dir/build.make CMakeFiles/cmTC_a0c7f.dir/build
make[1]: Entering directory '/home/josiah/projects/code/impresario-systems/cosmographer/cmake-build-release-local/CMakeFiles/CMakeTmp'
Building C object CMakeFiles/cmTC_a0c7f.dir/CheckFunctionExists.c.o
/usr/bin/cc   -DCHECK_FUNCTION_EXISTS=pthread_create -o CMakeFiles/cmTC_a0c7f.dir/CheckFunctionExists.c.o -c /home/josiah/.local/share/JetBrains/Toolbox/apps/CLion/ch-0/213.6777.58/bin/cmake/linux/share/cmake-3.21/Modules/CheckFunctionExists.c
Linking C executable cmTC_a0c7f
/home/josiah/.local/share/JetBrains/Toolbox/apps/CLion/ch-0/213.6777.58/bin/cmake/linux/bin/cmake -E cmake_link_script CMakeFiles/cmTC_a0c7f.dir/link.txt --verbose=1
/usr/bin/cc  -DCHECK_FUNCTION_EXISTS=pthread_create -rdynamic CMakeFiles/cmTC_a0c7f.dir/CheckFunctionExists.c.o -o cmTC_a0c7f  -lpthreads 
/usr/bin/ld: cannot find -lpthreads
collect2: error: ld returned 1 exit status
make[1]: *** [CMakeFiles/cmTC_a0c7f.dir/build.make:99: cmTC_a0c7f] Error 1
make[1]: Leaving directory '/home/josiah/projects/code/impresario-systems/cosmographer/cmake-build-release-local/CMakeFiles/CMakeTmp'
make: *** [Makefile:127: cmTC_a0c7f/fast] Error 2



Performing C SOURCE FILE Test CMAKE_HAVE_LIBC_PTHREAD failed with the following output:
Change Dir: /home/josiah/projects/code/impresario-systems/cosmographer/cmake-build-release-local/CMakeFiles/CMakeTmp

Run Build Command(s):/usr/bin/make -f Makefile cmTC_e1a0e/fast && /usr/bin/make  -f CMakeFiles/cmTC_e1a0e.dir/build.make CMakeFiles/cmTC_e1a0e.dir/build
make[1]: Entering directory '/home/josiah/projects/code/impresario-systems/cosmographer/cmake-build-release-local/CMakeFiles/CMakeTmp'
Building C object CMakeFiles/cmTC_e1a0e.dir/src.c.o
/usr/bin/cc -DCMAKE_HAVE_LIBC_PTHREAD   -o CMakeFiles/cmTC_e1a0e.dir/src.c.o -c /home/josiah/projects/code/impresario-systems/cosmographer/cmake-build-release-local/CMakeFiles/CMakeTmp/src.c
Linking C executable cmTC_e1a0e
/home/josiah/.local/share/JetBrains/Toolbox/apps/CLion/ch-0/213.6777.58/bin/cmake/linux/bin/cmake -E cmake_link_script CMakeFiles/cmTC_e1a0e.dir/link.txt --verbose=1
/usr/bin/cc -rdynamic CMakeFiles/cmTC_e1a0e.dir/src.c.o -o cmTC_e1a0e 
/usr/bin/ld: CMakeFiles/cmTC_e1a0e.dir/src.c.o: in function `main':
src.c:(.text+0x46): undefined reference to `pthread_create'
/usr/bin/ld: src.c:(.text+0x52): undefined reference to `pthread_detach'
/usr/bin/ld: src.c:(.text+0x5e): undefined reference to `pthread_cancel'
/usr/bin/ld: src.c:(.text+0x6f): undefined reference to `pthread_join'
collect2: error: ld returned 1 exit status
make[1]: *** [CMakeFiles/cmTC_e1a0e.dir/build.make:99: cmTC_e1a0e] Error 1
make[1]: Leaving directory '/home/josiah/projects/code/impresario-systems/cosmographer/cmake-build-release-local/CMakeFiles/CMakeTmp'
make: *** [Makefile:127: cmTC_e1a0e/fast] Error 2


Source file was:
#include <pthread.h>

static void* test_func(void* data)
{
  return data;
}

int main(void)
{
  pthread_t thread;
  pthread_create(&thread, NULL, test_func, NULL);
  pthread_detach(thread);
  pthread_cancel(thread);
  pthread_join(thread, NULL);
  pthread_atfork(NULL, NULL, NULL);
  pthread_exit(NULL);

  return 0;
}

Determining if the function pthread_create exists in the pthreads failed with the following output:
Change Dir: /home/josiah/projects/code/impresario-systems/cosmographer/cmake-build-release-local/CMakeFiles/CMakeTmp

Run Build Command(s):/usr/bin/make -f Makefile cmTC_23699/fast && /usr/bin/make  -f CMakeFiles/cmTC_23699.dir/build.make CMakeFiles/cmTC_23699.dir/build
make[1]: Entering directory '/home/josiah/projects/code/impresario-systems/cosmographer/cmake-build-release-local/CMakeFiles/CMakeTmp'
Building C object CMakeFiles/cmTC_23699.dir/CheckFunctionExists.c.o
/usr/bin/cc   -DCHECK_FUNCTION_EXISTS=pthread_create -o CMakeFiles/cmTC_23699.dir/CheckFunctionExists.c.o -c /home/josiah/.local/share/JetBrains/Toolbox/apps/CLion/ch-0/213.6777.58/bin/cmake/linux/share/cmake-3.21/Modules/CheckFunctionExists.c
Linking C executable cmTC_23699
/home/josiah/.local/share/JetBrains/Toolbox/apps/CLion/ch-0/213.6777.58/bin/cmake/linux/bin/cmake -E cmake_link_script CMakeFiles/cmTC_23699.dir/link.txt --verbose=1
/usr/bin/cc  -DCHECK_FUNCTION_EXISTS=pthread_create -rdynamic CMakeFiles/cmTC_23699.dir/CheckFunctionExists.c.o -o cmTC_23699  -lpthreads 
/usr/bin/ld: cannot find -lpthreads
collect2: error: ld returned 1 exit status
make[1]: *** [CMakeFiles/cmTC_23699.dir/build.make:99: cmTC_23699] Error 1
make[1]: Leaving directory '/home/josiah/projects/code/impresario-systems/cosmographer/cmake-build-release-local/CMakeFiles/CMakeTmp'
make: *** [Makefile:127: cmTC_23699/fast] Error 2



Performing C SOURCE FILE Test CMAKE_HAVE_LIBC_PTHREAD failed with the following output:
Change Dir: /home/josiah/projects/code/impresario-systems/cosmographer/cmake-build-release-local/CMakeFiles/CMakeTmp

Run Build Command(s):/usr/bin/make -f Makefile cmTC_db481/fast && /usr/bin/make  -f CMakeFiles/cmTC_db481.dir/build.make CMakeFiles/cmTC_db481.dir/build
make[1]: Entering directory '/home/josiah/projects/code/impresario-systems/cosmographer/cmake-build-release-local/CMakeFiles/CMakeTmp'
Building C object CMakeFiles/cmTC_db481.dir/src.c.o
/usr/bin/cc -DCMAKE_HAVE_LIBC_PTHREAD   -o CMakeFiles/cmTC_db481.dir/src.c.o -c /home/josiah/projects/code/impresario-systems/cosmographer/cmake-build-release-local/CMakeFiles/CMakeTmp/src.c
Linking C executable cmTC_db481
/home/josiah/.local/share/JetBrains/Toolbox/apps/CLion/ch-0/213.6777.58/bin/cmake/linux/bin/cmake -E cmake_link_script CMakeFiles/cmTC_db481.dir/link.txt --verbose=1
/usr/bin/cc -rdynamic CMakeFiles/cmTC_db481.dir/src.c.o -o cmTC_db481 
/usr/bin/ld: CMakeFiles/cmTC_db481.dir/src.c.o: in function `main':
src.c:(.text+0x46): undefined reference to `pthread_create'
/usr/bin/ld: src.c:(.text+0x52): undefined reference to `pthread_detach'
/usr/bin/ld: src.c:(.text+0x5e): undefined reference to `pthread_cancel'
/usr/bin/ld: src.c:(.text+0x6f): undefined reference to `pthread_join'
collect2: error: ld returned 1 exit status
make[1]: *** [CMakeFiles/cmTC_db481.dir/build.make:99: cmTC_db481] Error 1
make[1]: Leaving directory '/home/josiah/projects/code/impresario-systems/cosmographer/cmake-build-release-local/CMakeFiles/CMakeTmp'
make: *** [Makefile:127: cmTC_db481/fast] Error 2


Source file was:
#include <pthread.h>

static void* test_func(void* data)
{
  return data;
}

int main(void)
{
  pthread_t thread;
  pthread_create(&thread, NULL, test_func, NULL);
  pthread_detach(thread);
  pthread_cancel(thread);
  pthread_join(thread, NULL);
  pthread_atfork(NULL, NULL, NULL);
  pthread_exit(NULL);

  return 0;
}

Determining if the function pthread_create exists in the pthreads failed with the following output:
Change Dir: /home/josiah/projects/code/impresario-systems/cosmographer/cmake-build-release-local/CMakeFiles/CMakeTmp

Run Build Command(s):/usr/bin/make -f Makefile cmTC_d46b3/fast && /usr/bin/make  -f CMakeFiles/cmTC_d46b3.dir/build.make CMakeFiles/cmTC_d46b3.dir/build
make[1]: Entering directory '/home/josiah/projects/code/impresario-systems/cosmographer/cmake-build-release-local/CMakeFiles/CMakeTmp'
Building C object CMakeFiles/cmTC_d46b3.dir/CheckFunctionExists.c.o
/usr/bin/cc   -DCHECK_FUNCTION_EXISTS=pthread_create -o CMakeFiles/cmTC_d46b3.dir/CheckFunctionExists.c.o -c /home/josiah/.local/share/JetBrains/Toolbox/apps/CLion/ch-0/213.6777.58/bin/cmake/linux/share/cmake-3.21/Modules/CheckFunctionExists.c
Linking C executable cmTC_d46b3
/home/josiah/.local/share/JetBrains/Toolbox/apps/CLion/ch-0/213.6777.58/bin/cmake/linux/bin/cmake -E cmake_link_script CMakeFiles/cmTC_d46b3.dir/link.txt --verbose=1
/usr/bin/cc  -DCHECK_FUNCTION_EXISTS=pthread_create -rdynamic CMakeFiles/cmTC_d46b3.dir/CheckFunctionExists.c.o -o cmTC_d46b3  -lpthreads 
/usr/bin/ld: cannot find -lpthreads
collect2: error: ld returned 1 exit status
make[1]: *** [CMakeFiles/cmTC_d46b3.dir/build.make:99: cmTC_d46b3] Error 1
make[1]: Leaving directory '/home/josiah/projects/code/impresario-systems/cosmographer/cmake-build-release-local/CMakeFiles/CMakeTmp'
make: *** [Makefile:127: cmTC_d46b3/fast] Error 2



Performing C SOURCE FILE Test CMAKE_HAVE_LIBC_PTHREAD failed with the following output:
Change Dir: /home/josiah/projects/code/impresario-systems/cosmographer/cmake-build-release-local/CMakeFiles/CMakeTmp

Run Build Command(s):/usr/bin/make -f Makefile cmTC_1d7ec/fast && /usr/bin/make  -f CMakeFiles/cmTC_1d7ec.dir/build.make CMakeFiles/cmTC_1d7ec.dir/build
make[1]: Entering directory '/home/josiah/projects/code/impresario-systems/cosmographer/cmake-build-release-local/CMakeFiles/CMakeTmp'
Building C object CMakeFiles/cmTC_1d7ec.dir/src.c.o
/usr/bin/cc -DCMAKE_HAVE_LIBC_PTHREAD   -o CMakeFiles/cmTC_1d7ec.dir/src.c.o -c /home/josiah/projects/code/impresario-systems/cosmographer/cmake-build-release-local/CMakeFiles/CMakeTmp/src.c
Linking C executable cmTC_1d7ec
/home/josiah/.local/share/JetBrains/Toolbox/apps/CLion/ch-0/213.6777.58/bin/cmake/linux/bin/cmake -E cmake_link_script CMakeFiles/cmTC_1d7ec.dir/link.txt --verbose=1
/usr/bin/cc -rdynamic CMakeFiles/cmTC_1d7ec.dir/src.c.o -o cmTC_1d7ec 
/usr/bin/ld: CMakeFiles/cmTC_1d7ec.dir/src.c.o: in function `main':
src.c:(.text+0x46): undefined reference to `pthread_create'
/usr/bin/ld: src.c:(.text+0x52): undefined reference to `pthread_detach'
/usr/bin/ld: src.c:(.text+0x5e): undefined reference to `pthread_cancel'
/usr/bin/ld: src.c:(.text+0x6f): undefined reference to `pthread_join'
collect2: error: ld returned 1 exit status
make[1]: *** [CMakeFiles/cmTC_1d7ec.dir/build.make:99: cmTC_1d7ec] Error 1
make[1]: Leaving directory '/home/josiah/projects/code/impresario-systems/cosmographer/cmake-build-release-local/CMakeFiles/CMakeTmp'
make: *** [Makefile:127: cmTC_1d7ec/fast] Error 2


Source file was:
#include <pthread.h>

static void* test_func(void* data)
{
  return data;
}

int main(void)
{
  pthread_t thread;
  pthread_create(&thread, NULL, test_func, NULL);
  pthread_detach(thread);
  pthread_cancel(thread);
  pthread_join(thread, NULL);
  pthread_atfork(NULL, NULL, NULL);
  pthread_exit(NULL);

  return 0;
}

Determining if the function pthread_create exists in the pthreads failed with the following output:
Change Dir: /home/josiah/projects/code/impresario-systems/cosmographer/cmake-build-release-local/CMakeFiles/CMakeTmp

Run Build Command(s):/usr/bin/make -f Makefile cmTC_7afe3/fast && /usr/bin/make  -f CMakeFiles/cmTC_7afe3.dir/build.make CMakeFiles/cmTC_7afe3.dir/build
make[1]: Entering directory '/home/josiah/projects/code/impresario-systems/cosmographer/cmake-build-release-local/CMakeFiles/CMakeTmp'
Building C object CMakeFiles/cmTC_7afe3.dir/CheckFunctionExists.c.o
/usr/bin/cc   -DCHECK_FUNCTION_EXISTS=pthread_create -o CMakeFiles/cmTC_7afe3.dir/CheckFunctionExists.c.o -c /home/josiah/.local/share/JetBrains/Toolbox/apps/CLion/ch-0/213.6777.58/bin/cmake/linux/share/cmake-3.21/Modules/CheckFunctionExists.c
Linking C executable cmTC_7afe3
/home/josiah/.local/share/JetBrains/Toolbox/apps/CLion/ch-0/213.6777.58/bin/cmake/linux/bin/cmake -E cmake_link_script CMakeFiles/cmTC_7afe3.dir/link.txt --verbose=1
/usr/bin/cc  -DCHECK_FUNCTION_EXISTS=pthread_create -rdynamic CMakeFiles/cmTC_7afe3.dir/CheckFunctionExists.c.o -o cmTC_7afe3  -lpthreads 
/usr/bin/ld: cannot find -lpthreads
collect2: error: ld returned 1 exit status
make[1]: *** [CMakeFiles/cmTC_7afe3.dir/build.make:99: cmTC_7afe3] Error 1
make[1]: Leaving directory '/home/josiah/projects/code/impresario-systems/cosmographer/cmake-build-release-local/CMakeFiles/CMakeTmp'
make: *** [Makefile:127: cmTC_7afe3/fast] Error 2



Performing C SOURCE FILE Test CMAKE_HAVE_LIBC_PTHREAD failed with the following output:
Change Dir: /home/josiah/projects/code/impresario-systems/cosmographer/cmake-build-release-local/CMakeFiles/CMakeTmp

Run Build Command(s):/usr/bin/make -f Makefile cmTC_36df4/fast && /usr/bin/make  -f CMakeFiles/cmTC_36df4.dir/build.make CMakeFiles/cmTC_36df4.dir/build
make[1]: Entering directory '/home/josiah/projects/code/impresario-systems/cosmographer/cmake-build-release-local/CMakeFiles/CMakeTmp'
Building C object CMakeFiles/cmTC_36df4.dir/src.c.o
/usr/bin/cc -DCMAKE_HAVE_LIBC_PTHREAD   -o CMakeFiles/cmTC_36df4.dir/src.c.o -c /home/josiah/projects/code/impresario-systems/cosmographer/cmake-build-release-local/CMakeFiles/CMakeTmp/src.c
Linking C executable cmTC_36df4
/home/josiah/.local/share/JetBrains/Toolbox/apps/CLion/ch-0/213.6777.58/bin/cmake/linux/bin/cmake -E cmake_link_script CMakeFiles/cmTC_36df4.dir/link.txt --verbose=1
/usr/bin/cc -rdynamic CMakeFiles/cmTC_36df4.dir/src.c.o -o cmTC_36df4 
/usr/bin/ld: CMakeFiles/cmTC_36df4.dir/src.c.o: in function `main':
src.c:(.text+0x46): undefined reference to `pthread_create'
/usr/bin/ld: src.c:(.text+0x52): undefined reference to `pthread_detach'
/usr/bin/ld: src.c:(.text+0x5e): undefined reference to `pthread_cancel'
/usr/bin/ld: src.c:(.text+0x6f): undefined reference to `pthread_join'
collect2: error: ld returned 1 exit status
make[1]: *** [CMakeFiles/cmTC_36df4.dir/build.make:99: cmTC_36df4] Error 1
make[1]: Leaving directory '/home/josiah/projects/code/impresario-systems/cosmographer/cmake-build-release-local/CMakeFiles/CMakeTmp'
make: *** [Makefile:127: cmTC_36df4/fast] Error 2


Source file was:
#include <pthread.h>

static void* test_func(void* data)
{
  return data;
}

int main(void)
{
  pthread_t thread;
  pthread_create(&thread, NULL, test_func, NULL);
  pthread_detach(thread);
  pthread_cancel(thread);
  pthread_join(thread, NULL);
  pthread_atfork(NULL, NULL, NULL);
  pthread_exit(NULL);

  return 0;
}

Determining if the function pthread_create exists in the pthreads failed with the following output:
Change Dir: /home/josiah/projects/code/impresario-systems/cosmographer/cmake-build-release-local/CMakeFiles/CMakeTmp

Run Build Command(s):/usr/bin/make -f Makefile cmTC_407fb/fast && /usr/bin/make  -f CMakeFiles/cmTC_407fb.dir/build.make CMakeFiles/cmTC_407fb.dir/build
make[1]: Entering directory '/home/josiah/projects/code/impresario-systems/cosmographer/cmake-build-release-local/CMakeFiles/CMakeTmp'
Building C object CMakeFiles/cmTC_407fb.dir/CheckFunctionExists.c.o
/usr/bin/cc   -DCHECK_FUNCTION_EXISTS=pthread_create -o CMakeFiles/cmTC_407fb.dir/CheckFunctionExists.c.o -c /home/josiah/.local/share/JetBrains/Toolbox/apps/CLion/ch-0/213.6777.58/bin/cmake/linux/share/cmake-3.21/Modules/CheckFunctionExists.c
Linking C executable cmTC_407fb
/home/josiah/.local/share/JetBrains/Toolbox/apps/CLion/ch-0/213.6777.58/bin/cmake/linux/bin/cmake -E cmake_link_script CMakeFiles/cmTC_407fb.dir/link.txt --verbose=1
/usr/bin/cc  -DCHECK_FUNCTION_EXISTS=pthread_create -rdynamic CMakeFiles/cmTC_407fb.dir/CheckFunctionExists.c.o -o cmTC_407fb  -lpthreads 
/usr/bin/ld: cannot find -lpthreads
collect2: error: ld returned 1 exit status
make[1]: *** [CMakeFiles/cmTC_407fb.dir/build.make:99: cmTC_407fb] Error 1
make[1]: Leaving directory '/home/josiah/projects/code/impresario-systems/cosmographer/cmake-build-release-local/CMakeFiles/CMakeTmp'
make: *** [Makefile:127: cmTC_407fb/fast] Error 2



Performing C SOURCE FILE Test CMAKE_HAVE_LIBC_PTHREAD failed with the following output:
Change Dir: /home/josiah/projects/code/impresario-systems/cosmographer/cmake-build-release-local/CMakeFiles/CMakeTmp

Run Build Command(s):/usr/bin/make -f Makefile cmTC_3fe99/fast && /usr/bin/make  -f CMakeFiles/cmTC_3fe99.dir/build.make CMakeFiles/cmTC_3fe99.dir/build
make[1]: Entering directory '/home/josiah/projects/code/impresario-systems/cosmographer/cmake-build-release-local/CMakeFiles/CMakeTmp'
Building C object CMakeFiles/cmTC_3fe99.dir/src.c.o
/usr/bin/cc -DCMAKE_HAVE_LIBC_PTHREAD   -o CMakeFiles/cmTC_3fe99.dir/src.c.o -c /home/josiah/projects/code/impresario-systems/cosmographer/cmake-build-release-local/CMakeFiles/CMakeTmp/src.c
Linking C executable cmTC_3fe99
/snap/clion/189/bin/cmake/linux/bin/cmake -E cmake_link_script CMakeFiles/cmTC_3fe99.dir/link.txt --verbose=1
/usr/bin/cc -rdynamic CMakeFiles/cmTC_3fe99.dir/src.c.o -o cmTC_3fe99 
/usr/bin/ld: CMakeFiles/cmTC_3fe99.dir/src.c.o: in function `main':
src.c:(.text+0x46): undefined reference to `pthread_create'
/usr/bin/ld: src.c:(.text+0x52): undefined reference to `pthread_detach'
/usr/bin/ld: src.c:(.text+0x5e): undefined reference to `pthread_cancel'
/usr/bin/ld: src.c:(.text+0x6f): undefined reference to `pthread_join'
collect2: error: ld returned 1 exit status
make[1]: *** [CMakeFiles/cmTC_3fe99.dir/build.make:99: cmTC_3fe99] Error 1
make[1]: Leaving directory '/home/josiah/projects/code/impresario-systems/cosmographer/cmake-build-release-local/CMakeFiles/CMakeTmp'
make: *** [Makefile:127: cmTC_3fe99/fast] Error 2


Source file was:
#include <pthread.h>

static void* test_func(void* data)
{
  return data;
}

int main(void)
{
  pthread_t thread;
  pthread_create(&thread, NULL, test_func, NULL);
  pthread_detach(thread);
  pthread_cancel(thread);
  pthread_join(thread, NULL);
  pthread_atfork(NULL, NULL, NULL);
  pthread_exit(NULL);

  return 0;
}

Determining if the function pthread_create exists in the pthreads failed with the following output:
Change Dir: /home/josiah/projects/code/impresario-systems/cosmographer/cmake-build-release-local/CMakeFiles/CMakeTmp

Run Build Command(s):/usr/bin/make -f Makefile cmTC_0995c/fast && /usr/bin/make  -f CMakeFiles/cmTC_0995c.dir/build.make CMakeFiles/cmTC_0995c.dir/build
make[1]: Entering directory '/home/josiah/projects/code/impresario-systems/cosmographer/cmake-build-release-local/CMakeFiles/CMakeTmp'
Building C object CMakeFiles/cmTC_0995c.dir/CheckFunctionExists.c.o
/usr/bin/cc   -DCHECK_FUNCTION_EXISTS=pthread_create -o CMakeFiles/cmTC_0995c.dir/CheckFunctionExists.c.o -c /snap/clion/189/bin/cmake/linux/share/cmake-3.22/Modules/CheckFunctionExists.c
Linking C executable cmTC_0995c
/snap/clion/189/bin/cmake/linux/bin/cmake -E cmake_link_script CMakeFiles/cmTC_0995c.dir/link.txt --verbose=1
/usr/bin/cc  -DCHECK_FUNCTION_EXISTS=pthread_create -rdynamic CMakeFiles/cmTC_0995c.dir/CheckFunctionExists.c.o -o cmTC_0995c  -lpthreads 
/usr/bin/ld: cannot find -lpthreads
collect2: error: ld returned 1 exit status
make[1]: *** [CMakeFiles/cmTC_0995c.dir/build.make:99: cmTC_0995c] Error 1
make[1]: Leaving directory '/home/josiah/projects/code/impresario-systems/cosmographer/cmake-build-release-local/CMakeFiles/CMakeTmp'
make: *** [Makefile:127: cmTC_0995c/fast] Error 2



